<?xml version="1.0" encoding="UTF-8"?>
<testng-results ignored="1" total="5" passed="4" failed="0" skipped="0">
  <reporter-output>
  </reporter-output>
  <suite started-at="2025-12-16T14:49:49 IST" name="Opencart App Test Sanity Suite" finished-at="2025-12-16T14:49:55 IST" duration-ms="6229">
    <groups>
    </groups>
    <test started-at="2025-12-16T14:49:49 IST" name="Login Page Test_chrome" finished-at="2025-12-16T14:49:55 IST" duration-ms="6229">
      <class name="com.qa.opencart.tests.LoginPageTest">
        <test-method is-config="true" signature="setup(java.lang.String,java.lang.String,java.lang.String)[pri:0, instance:com.qa.opencart.tests.LoginPageTest@65ef48f2]" started-at="2025-12-16T14:49:49 IST" name="setup" finished-at="2025-12-16T14:49:54 IST" duration-ms="4487" status="PASS">
          <params>
            <param index="0">
              <value>
                <![CDATA[chrome]]>
              </value>
            </param>
            <param index="1">
              <value>
                <![CDATA[browserversion]]>
              </value>
            </param>
            <param index="2">
              <value>
                <![CDATA[testname]]>
              </value>
            </param>
          </params>
          <reporter-output>
          </reporter-output>
        </test-method> <!-- setup -->
        <test-method signature="forgotPwdLinkExistTest()[pri:0, instance:com.qa.opencart.tests.LoginPageTest@65ef48f2]" started-at="2025-12-16T14:49:54 IST" name="forgotPwdLinkExistTest" description="forgotPwdLinkExistTest" finished-at="2025-12-16T14:49:54 IST" duration-ms="83" status="PASS">
          <reporter-output>
          </reporter-output>
        </test-method> <!-- forgotPwdLinkExistTest -->
        <test-method is-config="true" signature="attachScreenshot(org.testng.ITestResult)[pri:0, instance:com.qa.opencart.tests.LoginPageTest@65ef48f2]" started-at="2025-12-16T14:49:54 IST" name="attachScreenshot" finished-at="2025-12-16T14:49:54 IST" duration-ms="4" status="PASS">
          <params>
            <param index="0">
              <value>
                <![CDATA[[TestResult name=forgotPwdLinkExistTest status=SUCCESS method=LoginPageTest.forgotPwdLinkExistTest()[pri:0, instance:com.qa.opencart.tests.LoginPageTest@65ef48f2] output={null}]]]>
              </value>
            </param>
          </params>
          <reporter-output>
          </reporter-output>
        </test-method> <!-- attachScreenshot -->
        <test-method signature="loginPageTitleTest()[pri:0, instance:com.qa.opencart.tests.LoginPageTest@65ef48f2]" started-at="2025-12-16T14:49:54 IST" name="loginPageTitleTest" description="checking login title" finished-at="2025-12-16T14:49:54 IST" duration-ms="38" status="PASS">
          <reporter-output>
          </reporter-output>
        </test-method> <!-- loginPageTitleTest -->
        <test-method is-config="true" signature="attachScreenshot(org.testng.ITestResult)[pri:0, instance:com.qa.opencart.tests.LoginPageTest@65ef48f2]" started-at="2025-12-16T14:49:54 IST" name="attachScreenshot" finished-at="2025-12-16T14:49:54 IST" duration-ms="2" status="PASS">
          <params>
            <param index="0">
              <value>
                <![CDATA[[TestResult name=loginPageTitleTest status=SUCCESS method=LoginPageTest.loginPageTitleTest()[pri:0, instance:com.qa.opencart.tests.LoginPageTest@65ef48f2] output={null}]]]>
              </value>
            </param>
          </params>
          <reporter-output>
          </reporter-output>
        </test-method> <!-- attachScreenshot -->
        <test-method signature="loginPageURLTest()[pri:0, instance:com.qa.opencart.tests.LoginPageTest@65ef48f2]" started-at="2025-12-16T14:49:54 IST" name="loginPageURLTest" description="checking login page url" finished-at="2025-12-16T14:49:54 IST" duration-ms="27" status="PASS">
          <reporter-output>
          </reporter-output>
        </test-method> <!-- loginPageURLTest -->
        <test-method is-config="true" signature="attachScreenshot(org.testng.ITestResult)[pri:0, instance:com.qa.opencart.tests.LoginPageTest@65ef48f2]" started-at="2025-12-16T14:49:54 IST" name="attachScreenshot" finished-at="2025-12-16T14:49:54 IST" duration-ms="1" status="PASS">
          <params>
            <param index="0">
              <value>
                <![CDATA[[TestResult name=loginPageURLTest status=SUCCESS method=LoginPageTest.loginPageURLTest()[pri:0, instance:com.qa.opencart.tests.LoginPageTest@65ef48f2] output={null}]]]>
              </value>
            </param>
          </params>
          <reporter-output>
          </reporter-output>
        </test-method> <!-- attachScreenshot -->
        <test-method signature="doLoginTest()[pri:32767, instance:com.qa.opencart.tests.LoginPageTest@65ef48f2]" started-at="2025-12-16T14:49:54 IST" name="doLoginTest" description="login with valid credentials" finished-at="2025-12-16T14:49:55 IST" duration-ms="1133" status="PASS">
          <reporter-output>
          </reporter-output>
        </test-method> <!-- doLoginTest -->
        <test-method is-config="true" signature="attachScreenshot(org.testng.ITestResult)[pri:0, instance:com.qa.opencart.tests.LoginPageTest@65ef48f2]" started-at="2025-12-16T14:49:55 IST" name="attachScreenshot" finished-at="2025-12-16T14:49:55 IST" duration-ms="1" status="PASS">
          <params>
            <param index="0">
              <value>
                <![CDATA[[TestResult name=doLoginTest status=SUCCESS method=LoginPageTest.doLoginTest()[pri:32767, instance:com.qa.opencart.tests.LoginPageTest@65ef48f2] output={null}]]]>
              </value>
            </param>
          </params>
          <reporter-output>
          </reporter-output>
        </test-method> <!-- attachScreenshot -->
        <test-method is-config="true" signature="tearDown()[pri:0, instance:com.qa.opencart.tests.LoginPageTest@65ef48f2]" started-at="2025-12-16T14:49:55 IST" name="tearDown" finished-at="2025-12-16T14:49:55 IST" duration-ms="177" status="PASS">
          <reporter-output>
          </reporter-output>
        </test-method> <!-- tearDown -->
      </class> <!-- com.qa.opencart.tests.LoginPageTest -->
    </test> <!-- Login Page Test_chrome -->
  </suite> <!-- Opencart App Test Sanity Suite -->
</testng-results>
