<?xml version="1.0" encoding="UTF-8"?>
<!-- Generated by org.testng.reporters.JUnitReportReporter -->
<testsuite hostname="Adith" failures="0" tests="5" name="com.qa.opencart.tests.LoginPageTest" time="1.289" errors="0" timestamp="2025-12-16T14:49:55 IST" skipped="1">
  <testcase classname="com.qa.opencart.tests.LoginPageTest" name="loginPageTitleTest" time="0.040"/>
  <testcase classname="com.qa.opencart.tests.LoginPageTest" name="loginPageURLTest" time="0.028"/>
  <testcase classname="com.qa.opencart.tests.LoginPageTest" name="forgotPwdLinkExistTest" time="0.087"/>
  <testcase classname="com.qa.opencart.tests.LoginPageTest" name="doLoginTest" time="1.134"/>
  <testcase classname="com.qa.opencart.tests.LoginPageTest" name="forgotPwd">
    <skipped/>
  </testcase> <!-- forgotPwd -->
</testsuite> <!-- com.qa.opencart.tests.LoginPageTest -->
